Log file open, 02/26/18 17:46:56
LogWindows: Failed to load 'aqProf.dll' (GetLastError=126)
LogWindows: File 'aqProf.dll' does not exist
LogWindows: Failed to load 'VSPerf140.dll' (GetLastError=126)
LogWindows: File 'VSPerf140.dll' does not exist
LogWindows: Failed to load 'VtuneApi.dll' (GetLastError=126)
LogWindows: File 'VtuneApi.dll' does not exist
LogWindows: Failed to load 'VtuneApi32e.dll' (GetLastError=126)
LogWindows: File 'VtuneApi32e.dll' does not exist
LogInit: Display: Running engine for game: RoomProject
LogInit: Display: Project file not found: ../../../RoomProject/RoomProject.uproject
LogInit: Display: 	Attempting to find via project info helper.
LogUProjectInfo: Found projects:
LogPlatformFile: Not using cached read wrapper
LogInit: Display: RandInit(1470090569) SRandInit(1470090569).
LogTaskGraph: Started task graph with 5 named threads and 14 total threads with 3 sets of task threads.
LogStats: Stats thread started at 0.159068
LogD3D11RHI: Aftermath initialized
LogPluginManager: Mounting plugin Paper2D
LogPluginManager: Mounting plugin OculusVR
LogPluginManager: Mounting plugin AndroidPermission
LogPluginManager: Mounting plugin ArchVisCharacter
LogPluginManager: Mounting plugin CableComponent
LogPluginManager: Mounting plugin CustomMeshComponent
LogPluginManager: Mounting plugin ExampleDeviceProfileSelector
LogPluginManager: Mounting plugin ImmediatePhysics
LogPluginManager: Mounting plugin LocationServicesBPLibrary
LogPluginManager: Mounting plugin MobilePatchingUtils
LogPluginManager: Mounting plugin PhysXVehicles
LogPluginManager: Mounting plugin ProceduralMeshComponent
LogPluginManager: Mounting plugin RuntimePhysXCooking
LogPluginManager: Mounting plugin SteamVR
LogPluginManager: Mounting plugin WindowsMoviePlayer
LogPluginManager: Mounting plugin LightPropagationVolume
LogPluginManager: Mounting plugin FacialAnimation
LogPluginManager: Mounting plugin CharacterAI
LogPluginManager: Mounting plugin HTML5Networking
LogPluginManager: Mounting plugin AndroidMedia
LogPluginManager: Mounting plugin AvfMedia
LogPluginManager: Mounting plugin WmfMedia
LogPluginManager: Mounting plugin TcpMessaging
LogPluginManager: Mounting plugin UdpMessaging
LogPluginManager: Mounting plugin OnlineSubsystem
LogPluginManager: Mounting plugin OnlineSubsystemNull
LogPluginManager: Mounting plugin OnlineSubsystemUtils
LogInit: Using libcurl 7.47.1
LogInit:  - built for x86_64-pc-win32
LogInit:  - supports SSL with OpenSSL/1.0.2g
LogInit:  - supports HTTP deflate (compression) using libz 1.2.8
LogInit:  - other features:
LogInit:      CURL_VERSION_SSL
LogInit:      CURL_VERSION_LIBZ
LogInit:      CURL_VERSION_IPV6
LogInit:      CURL_VERSION_ASYNCHDNS
LogInit:      CURL_VERSION_LARGEFILE
LogInit:      CURL_VERSION_IDN
LogInit:  CurlRequestOptions (configurable via config and command line):
LogInit:  - bVerifyPeer = false  - Libcurl will NOT verify peer certificate
LogInit:  - bUseHttpProxy = false  - Libcurl will NOT use HTTP proxy
LogInit:  - bDontReuseConnections = false  - Libcurl will reuse connections
LogInit:  - CertBundlePath = nullptr  - Libcurl will use whatever was configured at build time.
LogInit: Build: ++UE4+Release-4.17-CL-3658906
LogInit: Engine Version: 4.17.2-3658906+++UE4+Release-4.17
LogInit: Compatible Engine Version: 4.17.0-3573198+++UE4+Release-4.17
LogInit: Net CL: 3573198
LogDevObjectVersion: Number of dev versions registered: 16
LogDevObjectVersion:   Dev-Blueprints (B0D832E4-1F89-4F0D-ACCF-7EB736FD4AA2): 10
LogDevObjectVersion:   Dev-Build (E1C64328-A22C-4D53-A36C-8E866417BD8C): 0
LogDevObjectVersion:   Dev-Core (375EC13C-06E4-48FB-B500-84F0262A717E): 2
LogDevObjectVersion:   Dev-Editor (E4B068ED-F494-42E9-A231-DA0B2E46BB41): 20
LogDevObjectVersion:   Dev-Framework (CFFC743F-43B0-4480-9391-14DF171D2073): 28
LogDevObjectVersion:   Dev-Mobile (B02B49B5-BB20-44E9-A304-32B752E40360): 0
LogDevObjectVersion:   Dev-Networking (A4E4105C-59A1-49B5-A7C5-40C4547EDFEE): 0
LogDevObjectVersion:   Dev-Online (39C831C9-5AE6-47DC-9A44-9C173E1C8E7C): 0
LogDevObjectVersion:   Dev-Physics (78F01B33-EBEA-4F98-B9B4-84EACCB95AA2): 0
LogDevObjectVersion:   Dev-Platform (6631380F-2D4D-43E0-8009-CF276956A95A): 0
LogDevObjectVersion:   Dev-Rendering (12F88B9F-8875-4AFC-A67C-D90C383ABD29): 19
LogDevObjectVersion:   Dev-Sequencer (7B5AE74C-D270-4C10-A958-57980B212A5A): 4
LogDevObjectVersion:   Dev-VR (D7296918-1DD6-4BDD-9DE2-64A83CC13884): 0
LogDevObjectVersion:   Dev-LoadTimes (C2A15278-BFE7-4AFE-6C17-90FF531DF755): 1
LogDevObjectVersion:   Private-Geometry (6EACA3D4-40EC-4CC1-B786-8BED09428FC5): 1
LogDevObjectVersion:   Dev-AnimPhys (29E575DD-E0A3-4627-9D10-D276232CDCEA): 7
LogInit: Compiled (64-bit): Sep 22 2017 13:49:34
LogInit: Compiled with Visual C++: 19.00.24215.01
LogInit: Build Configuration: Development
LogInit: Branch Name: ++UE4+Release-4.17
LogInit: Command line:  
LogInit: Base directory: D:/Unreal Engine4/Packages/WindowsNoEditor/Engine/Binaries/Win64/
LogInit: Installed Engine Build: 0
LogInit: Presizing for max 2097152 objects, including 0 objects not considered by GC, pre-allocating 0 bytes for permanent pool.
LogStreaming: Display: Async Loading initialized: Event Driven Loader: true, Async Loading Thread: false
LogInit: Object subsystem initialized
[2018.02.26-22.46.56:749][  0]LogInit: Selected Device Profile: [WindowsNoEditor]
[2018.02.26-22.46.56:749][  0]LogInit: Applying CVar settings loaded from the selected device profile: [WindowsNoEditor]
[2018.02.26-22.46.56:754][  0]LogInit: Computer: DESKTOP-TAHFVNJ
[2018.02.26-22.46.56:754][  0]LogInit: User: coder
[2018.02.26-22.46.56:754][  0]LogInit: CPU Page size=4096, Cores=4
[2018.02.26-22.46.56:754][  0]LogInit: High frequency timer resolution =2.742189 MHz
[2018.02.26-22.46.56:754][  0]LogMemory: Memory total: Physical=15.9GB (16GB approx)
[2018.02.26-22.46.56:754][  0]LogMemory: Platform Memory Stats for WindowsNoEditor
[2018.02.26-22.46.56:754][  0]LogMemory: Process Physical Memory: 97.92 MB used, 97.92 MB peak
[2018.02.26-22.46.56:754][  0]LogMemory: Process Virtual Memory: 112.88 MB used, 112.88 MB peak
[2018.02.26-22.46.56:754][  0]LogMemory: Physical Memory: 9259.91 MB used,  6990.36 MB free, 16250.27 MB total
[2018.02.26-22.46.56:754][  0]LogMemory: Virtual Memory: 381.25 MB used,  6990.36 MB free, 134217728.00 MB total
[2018.02.26-22.46.58:070][  0]LogInit: Using OS detected language (en-US).
[2018.02.26-22.46.58:070][  0]LogInit: Using OS detected locale (en-US).
[2018.02.26-22.46.58:070][  0]LogTextLocalizationManager: No specific localization for 'en-US' exists, so the 'en' localization will be used.
[2018.02.26-22.46.58:252][  0]LogD3D11RHI: D3D11 adapters:
[2018.02.26-22.46.58:323][  0]LogD3D11RHI:    0. 'NVIDIA GeForce GTX 1050 Ti' (Feature Level 11_0)
[2018.02.26-22.46.58:323][  0]LogD3D11RHI:       4018/0/8125 MB DedicatedVideo/DedicatedSystem/SharedSystem, Outputs:1, VendorId:0x10de
[2018.02.26-22.46.58:336][  0]LogD3D11RHI:    1. 'Intel(R) HD Graphics 630' (Feature Level 11_0)
[2018.02.26-22.46.58:336][  0]LogD3D11RHI:       128/0/8125 MB DedicatedVideo/DedicatedSystem/SharedSystem, Outputs:0, VendorId:0x8086
[2018.02.26-22.46.58:339][  0]LogD3D11RHI:    2. 'Microsoft Basic Render Driver' (Feature Level 11_0)
[2018.02.26-22.46.58:339][  0]LogD3D11RHI:       0/0/8125 MB DedicatedVideo/DedicatedSystem/SharedSystem, Outputs:0, VendorId:0x1414
[2018.02.26-22.46.58:339][  0]LogD3D11RHI: Chosen D3D11 Adapter: 0
[2018.02.26-22.46.58:351][  0]LogD3D11RHI: Creating new Direct3DDevice
[2018.02.26-22.46.58:351][  0]LogD3D11RHI:     GPU DeviceId: 0x1c8c (for the marketing name, search the web for "GPU Device Id")
[2018.02.26-22.46.58:351][  0]LogWindows: EnumDisplayDevices:
[2018.02.26-22.46.58:351][  0]LogWindows:    0. 'Intel(R) HD Graphics 630' (P:1 D:1)
[2018.02.26-22.46.58:351][  0]LogWindows:    1. 'Intel(R) HD Graphics 630' (P:0 D:0)
[2018.02.26-22.46.58:351][  0]LogWindows:    2. 'Intel(R) HD Graphics 630' (P:0 D:0)
[2018.02.26-22.46.58:352][  0]LogWindows:    3. 'NVIDIA GeForce GTX 1050 Ti' (P:0 D:0)
[2018.02.26-22.46.58:352][  0]LogWindows: DebugString: GetVideoDriverDetailsInvalid PrimaryIsNotTheChoosenAdapter GetVideoDriverDetailsInvalid PrimaryIsNotTheChoosenAdapter GetVideoDriverDetailsInvalid PrimaryIsNotTheChoosenAdapter GetVideoDriverDetailsInvalid PrimaryIsNotTheChoosenAdapter FoundDriverCount:0 
[2018.02.26-22.46.58:352][  0]LogD3D11RHI:     Adapter Name: NVIDIA GeForce GTX 1050 Ti
[2018.02.26-22.46.58:352][  0]LogD3D11RHI:   Driver Version: Unknown (internal:Unknown, unified:Unknown)
[2018.02.26-22.46.58:352][  0]LogD3D11RHI:      Driver Date: Unknown
[2018.02.26-22.46.58:352][  0]LogRHI: Texture pool is 1361 MB (70% of 1945 MB)
[2018.02.26-22.46.58:391][  0]LogD3D11RHI: Async texture creation enabled
[2018.02.26-22.46.58:410][  0]LogD3D11RHI: GPU Timing Frequency: 1000.000000 (Debug: 2 2)
[2018.02.26-22.46.58:426][  0]LogMaterial: Verifying Global Shaders for PCD3D_SM5
[2018.02.26-22.46.58:427][  0]LogSlate: Using Freetype 2.6.0
[2018.02.26-22.46.58:428][  0]LogSlate: SlateFontCache - WITH_FREETYPE: 1, WITH_HARFBUZZ: 1
[2018.02.26-22.46.58:428][  0]LogSlate: SlateFontCache - WITH_FREETYPE: 1, WITH_HARFBUZZ: 1
[2018.02.26-22.46.58:484][  0]LogAssetRegistry: FAssetRegistry took 0.0129 seconds to start up
[2018.02.26-22.46.58:582][  0]LogPackageLocalizationCache: Processed 5 localized package path(s) for 2 prioritized culture(s) in 0.005002 seconds
[2018.02.26-22.46.58:583][  0]LogPakFile: New pak file ../../../RoomProject/Content/Paks/RoomProject-WindowsNoEditor.pak added to pak precacher.
[2018.02.26-22.46.58:615][  0]LogInit: Selected Device Profile: [WindowsNoEditor]
[2018.02.26-22.46.58:621][  0]LogContentStreaming: Texture pool size is 1000.00 MB
[2018.02.26-22.46.58:828][  0]LogNetVersion: RoomProject , NetCL: 3573198, EngineNetVer: 2, GameNetVer: 0 (Checksum: 3206904585)
[2018.02.26-22.46.59:014][  0]LogInit: WinSock: version 1.1 (2.2), MaxSocks=32767, MaxUdp=65467
[2018.02.26-22.46.59:121][  0]LogMoviePlayer: Initializing movie player
[2018.02.26-22.46.59:201][  0]LogOcInput: OculusInput pre-init called
[2018.02.26-22.46.59:201][  0]LogAndroidPermission: UAndroidPermissionCallbackProxy::GetInstance
[2018.02.26-22.46.59:208][  0]LogUObjectArray: 30841 objects as part of root set at end of initial load.
[2018.02.26-22.46.59:208][  0]LogUObjectAllocator: 6112624 out of 0 bytes used by permanent object pool.
[2018.02.26-22.46.59:208][  0]LogUObjectArray: CloseDisregardForGC: 0/0 objects in disregard for GC pool
[2018.02.26-22.46.59:219][  0]LogEngine: Initializing Engine...
[2018.02.26-22.46.59:221][  0]LogHMD: Failed to initialize OpenVR with code 110
[2018.02.26-22.46.59:420][  0]LogStats: UGameplayTagsManager::ConstructGameplayTagTree: Construct from data asset -  0.000 s
[2018.02.26-22.46.59:420][  0]LogStats: UGameplayTagsManager::ConstructGameplayTagTree: GameplayTagTreeChangedEvent.Broadcast -  0.000 s
[2018.02.26-22.46.59:574][  0]LogInit: XAudio2 using 'Speakers / Headphones (Realtek Audio)' : 2 channels at 48 kHz using 32 bits per sample (channel mask 0x3)
[2018.02.26-22.46.59:671][  0]LogInit: FAudioDevice initialized.
[2018.02.26-22.46.59:683][  0]LogInit: Texture streaming: Enabled
[2018.02.26-22.46.59:688][  0]LogInit: Display: Game Engine Initialized.
[2018.02.26-22.46.59:688][  0]LogGameplayTags: Display: UGameplayTagsManager::DoneAddingNativeTags. DelegateIsBound: 0
[2018.02.26-22.46.59:697][  0]LogInit: Display: Starting Game.
[2018.02.26-22.46.59:697][  0]LogNet: Browse: /Game/TutorialRoomProject?Name=Player
[2018.02.26-22.46.59:697][  0]LogLoad: LoadMap: /Game/TutorialRoomProject?Name=Player
[2018.02.26-22.46.59:708][  0]LogMemory: Platform Memory Stats for WindowsNoEditor
[2018.02.26-22.46.59:708][  0]LogMemory: Process Physical Memory: 231.27 MB used, 275.93 MB peak
[2018.02.26-22.46.59:708][  0]LogMemory: Process Virtual Memory: 333.72 MB used, 337.98 MB peak
[2018.02.26-22.46.59:708][  0]LogMemory: Physical Memory: 9375.29 MB used,  6874.97 MB free, 16250.27 MB total
[2018.02.26-22.46.59:709][  0]LogMemory: Virtual Memory: 804.00 MB used,  6874.97 MB free, 134217728.00 MB total
[2018.02.26-22.46.59:709][  0]LogMemory: 
[2018.02.26-22.46.59:709][  0]FMallocBinned2 Mem report
[2018.02.26-22.46.59:709][  0]Small Pool
[2018.02.26-22.46.59:709][  0]Requested Allocations: 24.172226mb  (including block size padding)
[2018.02.26-22.46.59:709][  0]OS Allocated: 27.625000mb
[2018.02.26-22.46.59:709][  0]Large Pool
[2018.02.26-22.46.59:709][  0]Requested Allocations: 68.160873mb
[2018.02.26-22.46.59:709][  0]OS Allocated: 68.812500mb
[2018.02.26-22.46.59:709][  0]OS Page Allocator
[2018.02.26-22.46.59:709][  0]Cached free pages: 0.000000mb
[2018.02.26-22.46.59:778][  0]LogMaterial: Can't compile knives with cooked content, will use default material instead
[2018.02.26-22.46.59:778][  0]LogMaterial: Warning: Failed to compile Material /Game/Free_assets/Kitchen/Materials/knives.knives for platform PCD3D_SM5, Default Material will be used in game.
[2018.02.26-22.46.59:780][  0]LogMaterial: Can't compile toaster with cooked content, will use default material instead
[2018.02.26-22.46.59:780][  0]LogMaterial: Warning: Failed to compile Material /Game/Free_assets/Kitchen/Materials/toaster.toaster for platform PCD3D_SM5, Default Material will be used in game.
[2018.02.26-22.47.01:329][  0]LogAIModule: Creating AISystem for world TutorialRoomProject
[2018.02.26-22.47.01:486][  0]LogLoad: Game class is 'ThirdPersonGameMode_C'
[2018.02.26-22.47.01:492][  0]LogMaterial: Warning: Material /Game/Free_assets/Bathroom/SanRemo_Ceramic_Beige.SanRemo_Ceramic_Beige missing bUsedWithStaticLighting=True! Default Material will be used in game.
[2018.02.26-22.47.01:492][  0]LogMaterial: Warning:      The material will recompile every editor launch until resaved.
[2018.02.26-22.47.01:494][  0]LogWorld: Bringing World /Game/TutorialRoomProject.TutorialRoomProject up for play (max tick rate 0) at 2018.02.26-17.47.01
[2018.02.26-22.47.01:508][  0]LogWorld: Bringing up level for play took: 0.020704
[2018.02.26-22.47.01:513][  0]LogLoad: Took 1.815942 seconds to LoadMap(/Game/TutorialRoomProject)
[2018.02.26-22.47.01:544][  0]LogLoad: (Engine Initialization) Total time: 5.28 seconds
[2018.02.26-22.47.01:544][  0]LogExternalProfiler: No external profilers were discovered.  External profiling features will not be available.
[2018.02.26-22.47.01:603][  2]LogRenderer: Reallocating scene render targets to support 1536x864 Format 10 NumSamples 1 (Frame:1).
[2018.02.26-22.47.05:350][217]Closing by request
[2018.02.26-22.47.05:350][217]LogWindows: FPlatformMisc::RequestExit(0)
[2018.02.26-22.47.06:224][218]LogSlate: Request Window 'RoomProject (64-bit, PCD3D_SM5)' being destroyed
[2018.02.26-22.47.06:253][218]LogSlate: Window 'RoomProject (64-bit, PCD3D_SM5)' being destroyed
[2018.02.26-22.47.06:267][218]LogWindowsTextInputMethodSystem: Display: IME system now deactivated.
[2018.02.26-22.47.06:345][218]LogExit: Preparing to exit.
[2018.02.26-22.47.06:345][218]LogMoviePlayer: Shutting down movie player
[2018.02.26-22.47.06:369][218]LogExit: Game engine shut down
[2018.02.26-22.47.06:413][218]LogExit: Object subsystem successfully closed.
[2018.02.26-22.47.06:482][218]LogD3D11RHI: Shutdown
[2018.02.26-22.47.06:482][218]LogD3D11RHI: CleanupD3DDevice
[2018.02.26-22.47.06:530][218]LogD3D11RHI: ~FD3D11DynamicRHI
[2018.02.26-22.47.06:530][218]LogModuleManager: Shutting down and abandoning module AutomationController (158)
[2018.02.26-22.47.06:530][218]LogModuleManager: Shutting down and abandoning module AutomationWorker (156)
[2018.02.26-22.47.06:530][218]LogModuleManager: Shutting down and abandoning module AIModule (154)
[2018.02.26-22.47.06:530][218]LogModuleManager: Shutting down and abandoning module GameplayDebugger (153)
[2018.02.26-22.47.06:530][218]LogModuleManager: Shutting down and abandoning module WmfMediaFactory (150)
[2018.02.26-22.47.06:530][218]LogModuleManager: Shutting down and abandoning module AvfMediaFactory (148)
[2018.02.26-22.47.06:530][218]LogModuleManager: Shutting down and abandoning module AndroidMediaFactory (146)
[2018.02.26-22.47.06:530][218]LogModuleManager: Shutting down and abandoning module Media (145)
[2018.02.26-22.47.06:530][218]LogModuleManager: Shutting down and abandoning module CharacterAI (142)
[2018.02.26-22.47.06:530][218]LogModuleManager: Shutting down and abandoning module SessionServices (140)
[2018.02.26-22.47.06:530][218]LogModuleManager: Shutting down and abandoning module MovieSceneTracks (138)
[2018.02.26-22.47.06:531][218]LogModuleManager: Shutting down and abandoning module MovieScene (136)
[2018.02.26-22.47.06:531][218]LogModuleManager: Shutting down and abandoning module GeometryCache (134)
[2018.02.26-22.47.06:531][218]LogModuleManager: Shutting down and abandoning module Niagara (132)
[2018.02.26-22.47.06:531][218]LogModuleManager: Shutting down and abandoning module StreamingPauseRendering (130)
[2018.02.26-22.47.06:531][218]LogModuleManager: Shutting down and abandoning module AnalyticsET (128)
[2018.02.26-22.47.06:531][218]LogModuleManager: Shutting down and abandoning module ProfilerService (126)
[2018.02.26-22.47.06:724][218]LogModuleManager: Shutting down and abandoning module TaskGraph (124)
[2018.02.26-22.47.06:724][218]LogModuleManager: Shutting down and abandoning module HTML5Networking (120)
[2018.02.26-22.47.06:724][218]LogModuleManager: Shutting down and abandoning module SteamVRController (118)
[2018.02.26-22.47.06:724][218]LogModuleManager: Shutting down and abandoning module ProceduralMeshComponent (116)
[2018.02.26-22.47.06:724][218]LogModuleManager: Shutting down and abandoning module MobilePatchingUtils (114)
[2018.02.26-22.47.06:724][218]LogModuleManager: Shutting down and abandoning module CustomMeshComponent (112)
[2018.02.26-22.47.06:724][218]LogModuleManager: Shutting down and abandoning module CableComponent (110)
[2018.02.26-22.47.06:724][218]LogModuleManager: Shutting down and abandoning module ArchVisCharacter (108)
[2018.02.26-22.47.06:724][218]LogModuleManager: Shutting down and abandoning module AndroidPermission (106)
[2018.02.26-22.47.06:724][218]LogModuleManager: Shutting down and abandoning module OculusInput (104)
[2018.02.26-22.47.06:724][218]LogModuleManager: Shutting down and abandoning module UdpMessaging (102)
[2018.02.26-22.47.06:725][218]LogModuleManager: Shutting down and abandoning module TcpMessaging (100)
[2018.02.26-22.47.06:725][218]LogModuleManager: Shutting down and abandoning module FacialAnimation (98)
[2018.02.26-22.47.06:725][218]LogModuleManager: Shutting down and abandoning module LightPropagationVolumeRuntime (96)
[2018.02.26-22.47.06:725][218]LogModuleManager: Shutting down and abandoning module RuntimePhysXCooking (94)
[2018.02.26-22.47.06:725][218]LogModuleManager: Shutting down and abandoning module PhysXVehicles (92)
[2018.02.26-22.47.06:725][218]LogModuleManager: Shutting down and abandoning module LocationServicesBPLibrary (90)
[2018.02.26-22.47.06:725][218]LogModuleManager: Shutting down and abandoning module ImmediatePhysics (88)
[2018.02.26-22.47.06:725][218]LogModuleManager: Shutting down and abandoning module Paper2D (86)
[2018.02.26-22.47.06:725][218]LogModuleManager: Shutting down and abandoning module WmfMedia (84)
[2018.02.26-22.47.06:725][218]LogModuleManager: Shutting down and abandoning module WindowsMoviePlayer (82)
[2018.02.26-22.47.06:725][218]LogModuleManager: Shutting down and abandoning module PacketHandler (80)
[2018.02.26-22.47.06:725][218]LogModuleManager: Shutting down and abandoning module ClothingSystemRuntime (78)
[2018.02.26-22.47.06:725][218]LogModuleManager: Shutting down and abandoning module Overlay (76)
[2018.02.26-22.47.06:726][218]LogModuleManager: Shutting down and abandoning module MediaAssets (74)
[2018.02.26-22.47.06:726][218]LogModuleManager: Shutting down and abandoning module UMG (72)
[2018.02.26-22.47.06:726][218]LogModuleManager: Shutting down and abandoning module SlateReflector (70)
[2018.02.26-22.47.06:726][218]LogModuleManager: Shutting down and abandoning module Slate (68)
[2018.02.26-22.47.06:726][218]LogModuleManager: Shutting down and abandoning module MRMesh (66)
[2018.02.26-22.47.06:726][218]LogModuleManager: Shutting down and abandoning module Messaging (64)
[2018.02.26-22.47.06:726][218]LogModuleManager: Shutting down and abandoning module HeadMountedDisplay (62)
[2018.02.26-22.47.06:726][218]LogModuleManager: Shutting down and abandoning module XAudio2 (60)
[2018.02.26-22.47.06:726][218]LogModuleManager: Shutting down and abandoning module Networking (58)
[2018.02.26-22.47.06:726][218]LogModuleManager: Shutting down and abandoning module Core (54)
[2018.02.26-22.47.06:726][218]LogModuleManager: Shutting down and abandoning module LevelSequence (52)
[2018.02.26-22.47.06:726][218]LogModuleManager: Shutting down and abandoning module ImageWrapper (48)
[2018.02.26-22.47.06:726][218]LogModuleManager: Shutting down and abandoning module InputCore (46)
[2018.02.26-22.47.06:726][218]LogModuleManager: Shutting down and abandoning module PhysXCooking (44)
[2018.02.26-22.47.06:726][218]LogModuleManager: Shutting down and abandoning module OnlineSubsystem (40)
[2018.02.26-22.47.06:726][218]LogOnline: Display: Unloading online subsystem: NULL
[2018.02.26-22.47.06:726][218]LogModuleManager: Shutting down and abandoning module HTTP (39)
[2018.02.26-22.47.06:726][218]LogHttp: Display: Http module shutting down, but needs to wait on 1 outstanding Http requests:
[2018.02.26-22.47.06:726][218]LogHttp: Display: 	verb=[POST] url=[https://datarouter.ol.epicgames.com/datarouter/api/v1/public/data?SessionID=%7B99A8466F-4D98-8395-339B-6CB76956A886%7D&AppID=UEGame.Rocket.Release%7C00FD60784277BBEBFB1C268BA9E99387%7CThird%20Person%20BP%20Game%20Template&AppVersion=4.17.2-3658906%2B%2B%2BUE4%2BRelease-4.17&UserID=ANON-%7BE2EF6F2A-4BB2-B714-CAE4-BD881C06EF5E%7D%7C%7C&AppEnvironment=datacollector-binary&UploadType=eteventstream] status=Processing
[2018.02.26-22.47.06:755][218]LogModuleManager: Shutting down and abandoning module SSL (38)
[2018.02.26-22.47.06:755][218]LogModuleManager: Shutting down and abandoning module SteamVR (34)
[2018.02.26-22.47.06:755][218]LogModuleManager: Shutting down and abandoning module ExampleDeviceProfileSelector (32)
[2018.02.26-22.47.06:755][218]LogModuleManager: Shutting down and abandoning module OculusHMD (30)
[2018.02.26-22.47.06:755][218]LogModuleManager: Shutting down and abandoning module ShaderCore (28)
[2018.02.26-22.47.06:755][218]LogModuleManager: Shutting down and abandoning module Landscape (26)
[2018.02.26-22.47.06:755][218]LogModuleManager: Shutting down and abandoning module SlateRHIRenderer (24)
[2018.02.26-22.47.06:755][218]LogModuleManager: Shutting down and abandoning module OpenGLDrv (22)
[2018.02.26-22.47.06:755][218]LogModuleManager: Shutting down and abandoning module D3D11RHI (20)
[2018.02.26-22.47.06:755][218]LogModuleManager: Shutting down and abandoning module AnimGraphRuntime (18)
[2018.02.26-22.47.06:755][218]LogModuleManager: Shutting down and abandoning module Renderer (16)
[2018.02.26-22.47.06:755][218]LogModuleManager: Shutting down and abandoning module Engine (14)
[2018.02.26-22.47.06:755][218]LogModuleManager: Shutting down and abandoning module CoreUObject (12)
[2018.02.26-22.47.06:755][218]LogModuleManager: Shutting down and abandoning module NetworkFile (10)
[2018.02.26-22.47.06:755][218]LogModuleManager: Shutting down and abandoning module CookedIterativeFile (8)
[2018.02.26-22.47.06:755][218]LogModuleManager: Shutting down and abandoning module StreamingFile (6)
[2018.02.26-22.47.06:755][218]LogModuleManager: Shutting down and abandoning module SandboxFile (4)
[2018.02.26-22.47.06:755][218]LogModuleManager: Shutting down and abandoning module PakFile (2)
[2018.02.26-22.47.06:757][218]LogExit: Exiting.
[2018.02.26-22.47.06:758][218]Log file closed, 02/26/18 17:47:06
